<?xml version="1.0" encoding="UTF-8"?>
<!-- Generated by org.testng.reporters.JUnitReportReporter -->
<testsuite hostname="EXPLPT22" failures="0" tests="4" name="Dropdown.Handlingdropdown" time="21.013" errors="0" timestamp="2023-04-12T11:36:45 IST" skipped="0">
  <testcase classname="Dropdown.Handlingdropdown" name="handlingdd" time="6.864"/>
  <system-out/>
  <testcase classname="Dropdown.Handlingdropdown" name="updateddd" time="4.618"/>
  <system-out/>
  <testcase classname="Dropdown.Handlingdropdown" name="dynamicdd" time="5.106"/>
  <system-out/>
  <testcase classname="Dropdown.Handlingdropdown" name="autosuggdd" time="4.425"/>
  <system-out/>
</testsuite> <!-- Dropdown.Handlingdropdown -->
