<?xml version="1.0" encoding="UTF-8"?>
<!-- Generated by org.testng.reporters.JUnitReportReporter -->
<testsuite hostname="EXPLPT22" failures="0" tests="1" name="Calendar.Handlingcalendarpopup" time="9.376" errors="0" timestamp="2023-04-12T12:39:28 IST" skipped="0">
  <testcase classname="Calendar.Handlingcalendarpopup" name="handlingcalendar" time="9.376"/>
  <system-out/>
</testsuite> <!-- Calendar.Handlingcalendarpopup -->
