<?xml version="1.0" encoding="UTF-8"?>
<!-- Generated by org.testng.reporters.JUnitReportReporter -->
<testsuite hostname="EXPLPT22" failures="0" tests="1" name="ObjectRepositry.ExcelData" time="0.697" errors="0" timestamp="2023-04-18T12:51:21 IST" skipped="0">
  <testcase classname="ObjectRepositry.ExcelData" name="getDatafromExcel" time="0.697"/>
  <system-out/>
</testsuite> <!-- ObjectRepositry.ExcelData -->
