<?xml version="1.0" encoding="UTF-8"?>
<!-- Generated by org.testng.reporters.JUnitReportReporter -->
<testsuite hostname="EXPLPT22" failures="0" tests="1" name="E2E.WindowHandling" time="5.872" errors="0" timestamp="2023-04-13T13:19:08 IST" skipped="0">
  <testcase classname="E2E.WindowHandling" name="windowhandling" time="5.872"/>
  <system-out/>
</testsuite> <!-- E2E.WindowHandling -->
