<?xml version="1.0" encoding="UTF-8"?>
<!-- Generated by org.testng.reporters.JUnitReportReporter -->
<testsuite hostname="EXPLPT22" failures="0" tests="1" name="E2E.AssignmentonWindowHandle" time="14.164" errors="0" timestamp="2023-04-17T12:01:25 IST" skipped="0">
  <testcase classname="E2E.AssignmentonWindowHandle" name="assignment" time="14.164"/>
  <system-out/>
</testsuite> <!-- E2E.AssignmentonWindowHandle -->
